[08-Mar-25 21:11:58 - INFO] - ูููุฒู ุงูููููุณ - ุฌูุงุฑู ุงูุงุชุตูุงู ุจูุงุนูุฏุฉ ุงูุจูุงููุงุช . . .
[08-Mar-25 21:11:58 - INFO] - ูููุฒู ุงูููููุณ - ุชู ุงูุงุชุตูุงู ุจูุงุนูุฏุฉ ุงูุจูุงููุงุช ...โ
[08-Mar-25 21:11:58 - INFO] - ูููุฒู ุงูููููุณ - ุชู ุชุญูุฏูุซ ุงูุณููุฑุณ ...โ
[08-Mar-25 21:11:58 - INFO] - ูููุฒู ุงูููููุณ - ุชู ุชุญุฏูุซ ูุงุนุฏุฉ ุจูุงูุงุช ุงูุจูุช ...โ
[08-Mar-25 21:11:58 - INFO] - ูููุฒู ุงููููููุณ - ุฌุงุฑู ุจุฏุก ุชุดุบูู ุงูุจูุช . . .
[08-Mar-25 21:12:22 - INFO] - ูููุฒู ุงูููููุณ - ุฌูุงุฑู ุงูุงุชุตูุงู ุจูุงุนูุฏุฉ ุงูุจูุงููุงุช . . .
[08-Mar-25 21:12:22 - INFO] - ูููุฒู ุงูููููุณ - ุชู ุงูุงุชุตูุงู ุจูุงุนูุฏุฉ ุงูุจูุงููุงุช ...โ
[08-Mar-25 21:12:22 - INFO] - ูููุฒู ุงูููููุณ - ุชู ุชุญูุฏูุซ ุงูุณููุฑุณ ...โ
[08-Mar-25 21:12:22 - INFO] - ูููุฒู ุงูููููุณ - ุชู ุชุญุฏูุซ ูุงุนุฏุฉ ุจูุงูุงุช ุงูุจูุช ...โ
[08-Mar-25 21:12:22 - INFO] - ูููุฒู ุงููููููุณ - ุฌุงุฑู ุจุฏุก ุชุดุบูู ุงูุจูุช . . .
[08-Mar-25 21:15:53 - INFO] - ูููุฒู ุงูููููุณ - ุฌูุงุฑู ุงูุงุชุตูุงู ุจูุงุนูุฏุฉ ุงูุจูุงููุงุช . . .
[08-Mar-25 21:15:53 - INFO] - ูููุฒู ุงูููููุณ - ุชู ุงูุงุชุตูุงู ุจูุงุนูุฏุฉ ุงูุจูุงููุงุช ...โ
[08-Mar-25 21:15:53 - INFO] - ูููุฒู ุงูููููุณ - ุชู ุชุญูุฏูุซ ุงูุณููุฑุณ ...โ
[08-Mar-25 21:15:53 - INFO] - ูููุฒู ุงูููููุณ - ุชู ุชุญุฏูุซ ูุงุนุฏุฉ ุจูุงูุงุช ุงูุจูุช ...โ
[08-Mar-25 21:15:53 - INFO] - ูููุฒู ุงููููููุณ - ุฌุงุฑู ุจุฏุก ุชุดุบูู ุงูุจูุช . . .
[08-Mar-25 21:17:32 - INFO] - ูููุฒู ุงูููููุณ - ุฌูุงุฑู ุงูุงุชุตูุงู ุจูุงุนูุฏุฉ ุงูุจูุงููุงุช . . .
[08-Mar-25 21:17:33 - INFO] - ูููุฒู ุงูููููุณ - ุชู ุงูุงุชุตูุงู ุจูุงุนูุฏุฉ ุงูุจูุงููุงุช ...โ
[08-Mar-25 21:17:33 - INFO] - ูููุฒู ุงูููููุณ - ุชู ุชุญูุฏูุซ ุงูุณููุฑุณ ...โ
[08-Mar-25 21:17:33 - INFO] - ูููุฒู ุงูููููุณ - ุชู ุชุญุฏูุซ ูุงุนุฏุฉ ุจูุงูุงุช ุงูุจูุช ...โ
[08-Mar-25 21:17:33 - INFO] - ูููุฒู ุงููููููุณ - ุฌุงุฑู ุจุฏุก ุชุดุบูู ุงูุจูุช . . .
[08-Mar-25 21:18:39 - INFO] - ูููุฒู ุงูููููุณ - ุฌูุงุฑู ุงูุงุชุตูุงู ุจูุงุนูุฏุฉ ุงูุจูุงููุงุช . . .
[08-Mar-25 21:18:39 - INFO] - ูููุฒู ุงูููููุณ - ุชู ุงูุงุชุตูุงู ุจูุงุนูุฏุฉ ุงูุจูุงููุงุช ...โ
[08-Mar-25 21:18:39 - INFO] - ูููุฒู ุงูููููุณ - ุชู ุชุญูุฏูุซ ุงูุณููุฑุณ ...โ
[08-Mar-25 21:18:39 - INFO] - ูููุฒู ุงูููููุณ - ุชู ุชุญุฏูุซ ูุงุนุฏุฉ ุจูุงูุงุช ุงูุจูุช ...โ
[08-Mar-25 21:18:39 - INFO] - ูููุฒู ุงููููููุณ - ุฌุงุฑู ุจุฏุก ุชุดุบูู ุงูุจูุช . . .
[08-Mar-25 21:22:45 - INFO] - ูููุฒู ุงูููููุณ - ุฌูุงุฑู ุงูุงุชุตูุงู ุจูุงุนูุฏุฉ ุงูุจูุงููุงุช . . .
[08-Mar-25 21:22:45 - INFO] - ูููุฒู ุงูููููุณ - ุชู ุงูุงุชุตูุงู ุจูุงุนูุฏุฉ ุงูุจูุงููุงุช ...โ
[08-Mar-25 21:22:45 - INFO] - ูููุฒู ุงูููููุณ - ุชู ุชุญูุฏูุซ ุงูุณููุฑุณ ...โ
[08-Mar-25 21:22:45 - INFO] - ูููุฒู ุงูููููุณ - ุชู ุชุญุฏูุซ ูุงุนุฏุฉ ุจูุงูุงุช ุงูุจูุช ...โ
[08-Mar-25 21:22:45 - INFO] - ูููุฒู ุงููููููุณ - ุฌุงุฑู ุจุฏุก ุชุดุบูู ุงูุจูุช . . .
[08-Mar-25 21:24:28 - INFO] - ูููุฒู ุงูููููุณ - ุฌูุงุฑู ุงูุงุชุตูุงู ุจูุงุนูุฏุฉ ุงูุจูุงููุงุช . . .
[08-Mar-25 21:24:28 - INFO] - ูููุฒู ุงูููููุณ - ุชู ุงูุงุชุตูุงู ุจูุงุนูุฏุฉ ุงูุจูุงููุงุช ...โ
[08-Mar-25 21:24:28 - INFO] - ูููุฒู ุงูููููุณ - ุชู ุชุญูุฏูุซ ุงูุณููุฑุณ ...โ
[08-Mar-25 21:24:28 - INFO] - ูููุฒู ุงูููููุณ - ุชู ุชุญุฏูุซ ูุงุนุฏุฉ ุจูุงูุงุช ุงูุจูุช ...โ
[08-Mar-25 21:24:28 - INFO] - ูููุฒู ุงููููููุณ - ุฌุงุฑู ุจุฏุก ุชุดุบูู ุงูุจูุช . . .
[08-Mar-25 21:27:06 - INFO] - ูููุฒู ุงูููููุณ - ุฌูุงุฑู ุงูุงุชุตูุงู ุจูุงุนูุฏุฉ ุงูุจูุงููุงุช . . .
[08-Mar-25 21:27:06 - INFO] - ูููุฒู ุงูููููุณ - ุชู ุงูุงุชุตูุงู ุจูุงุนูุฏุฉ ุงูุจูุงููุงุช ...โ
[08-Mar-25 21:27:06 - INFO] - ูููุฒู ุงูููููุณ - ุชู ุชุญูุฏูุซ ุงูุณููุฑุณ ...โ
[08-Mar-25 21:27:06 - INFO] - ูููุฒู ุงูููููุณ - ุชู ุชุญุฏูุซ ูุงุนุฏุฉ ุจูุงูุงุช ุงูุจูุช ...โ
[08-Mar-25 21:27:06 - INFO] - ูููุฒู ุงููููููุณ - ุฌุงุฑู ุจุฏุก ุชุดุบูู ุงูุจูุช . . .
[08-Mar-25 21:27:57 - INFO] - ูููุฒู ุงูููููุณ - ุฌูุงุฑู ุงูุงุชุตูุงู ุจูุงุนูุฏุฉ ุงูุจูุงููุงุช . . .
[08-Mar-25 21:27:58 - INFO] - ูููุฒู ุงูููููุณ - ุชู ุงูุงุชุตูุงู ุจูุงุนูุฏุฉ ุงูุจูุงููุงุช ...โ
[08-Mar-25 21:27:58 - INFO] - ูููุฒู ุงูููููุณ - ุชู ุชุญูุฏูุซ ุงูุณููุฑุณ ...โ
[08-Mar-25 21:27:58 - INFO] - ูููุฒู ุงูููููุณ - ุชู ุชุญุฏูุซ ูุงุนุฏุฉ ุจูุงูุงุช ุงูุจูุช ...โ
[08-Mar-25 21:27:58 - INFO] - ูููุฒู ุงููููููุณ - ุฌุงุฑู ุจุฏุก ุชุดุบูู ุงูุจูุช . . .
[08-Mar-25 21:28:23 - INFO] - ูููุฒู ุงูููููุณ - ุฌูุงุฑู ุงูุงุชุตูุงู ุจูุงุนูุฏุฉ ุงูุจูุงููุงุช . . .
[08-Mar-25 21:28:23 - INFO] - ูููุฒู ุงูููููุณ - ุชู ุงูุงุชุตูุงู ุจูุงุนูุฏุฉ ุงูุจูุงููุงุช ...โ
[08-Mar-25 21:28:23 - INFO] - ูููุฒู ุงูููููุณ - ุชู ุชุญูุฏูุซ ุงูุณููุฑุณ ...โ
[08-Mar-25 21:28:23 - INFO] - ูููุฒู ุงูููููุณ - ุชู ุชุญุฏูุซ ูุงุนุฏุฉ ุจูุงูุงุช ุงูุจูุช ...โ
[08-Mar-25 21:28:23 - INFO] - ูููุฒู ุงููููููุณ - ุฌุงุฑู ุจุฏุก ุชุดุบูู ุงูุจูุช . . .
[08-Mar-25 21:30:50 - INFO] - ูููุฒู ุงูููููุณ - ุฌูุงุฑู ุงูุงุชุตูุงู ุจูุงุนูุฏุฉ ุงูุจูุงููุงุช . . .
[08-Mar-25 21:30:50 - INFO] - ูููุฒู ุงูููููุณ - ุชู ุงูุงุชุตูุงู ุจูุงุนูุฏุฉ ุงูุจูุงููุงุช ...โ
[08-Mar-25 21:30:50 - INFO] - ูููุฒู ุงูููููุณ - ุชู ุชุญูุฏูุซ ุงูุณููุฑุณ ...โ
[08-Mar-25 21:30:50 - INFO] - ูููุฒู ุงูููููุณ - ุชู ุชุญุฏูุซ ูุงุนุฏุฉ ุจูุงูุงุช ุงูุจูุช ...โ
[08-Mar-25 21:30:50 - INFO] - ูููุฒู ุงููููููุณ - ุฌุงุฑู ุจุฏุก ุชุดุบูู ุงูุจูุช . . .
[08-Mar-25 21:34:01 - INFO] - ูููุฒู ุงูููููุณ - ุฌูุงุฑู ุงูุงุชุตูุงู ุจูุงุนูุฏุฉ ุงูุจูุงููุงุช . . .
[08-Mar-25 21:34:01 - INFO] - ูููุฒู ุงูููููุณ - ุชู ุงูุงุชุตูุงู ุจูุงุนูุฏุฉ ุงูุจูุงููุงุช ...โ
[08-Mar-25 21:34:01 - INFO] - ูููุฒู ุงูููููุณ - ุชู ุชุญูุฏูุซ ุงูุณููุฑุณ ...โ
[08-Mar-25 21:34:01 - INFO] - ูููุฒู ุงูููููุณ - ุชู ุชุญุฏูุซ ูุงุนุฏุฉ ุจูุงูุงุช ุงูุจูุช ...โ
[08-Mar-25 21:34:01 - INFO] - ูููุฒู ุงููููููุณ - ุฌุงุฑู ุจุฏุก ุชุดุบูู ุงูุจูุช . . .
[08-Mar-25 21:35:52 - INFO] - ูููุฒู ุงูููููุณ - ุฌูุงุฑู ุงูุงุชุตูุงู ุจูุงุนูุฏุฉ ุงูุจูุงููุงุช . . .
[08-Mar-25 21:35:52 - INFO] - ูููุฒู ุงูููููุณ - ุชู ุงูุงุชุตูุงู ุจูุงุนูุฏุฉ ุงูุจูุงููุงุช ...โ
[08-Mar-25 21:35:52 - INFO] - ูููุฒู ุงูููููุณ - ุชู ุชุญูุฏูุซ ุงูุณููุฑุณ ...โ
[08-Mar-25 21:35:52 - INFO] - ูููุฒู ุงูููููุณ - ุชู ุชุญุฏูุซ ูุงุนุฏุฉ ุจูุงูุงุช ุงูุจูุช ...โ
[08-Mar-25 21:35:52 - INFO] - ูููุฒู ุงููููููุณ - ุฌุงุฑู ุจุฏุก ุชุดุบูู ุงูุจูุช . . .
[08-Mar-25 22:30:54 - INFO] - ูููุฒู ุงูููููุณ - ุฌูุงุฑู ุงูุงุชุตูุงู ุจูุงุนูุฏุฉ ุงูุจูุงููุงุช . . .
[08-Mar-25 22:30:54 - INFO] - ูููุฒู ุงูููููุณ - ุชู ุงูุงุชุตูุงู ุจูุงุนูุฏุฉ ุงูุจูุงููุงุช ...โ
[08-Mar-25 22:30:54 - INFO] - ูููุฒู ุงูููููุณ - ุชู ุชุญูุฏูุซ ุงูุณููุฑุณ ...โ
[08-Mar-25 22:30:54 - INFO] - ูููุฒู ุงูููููุณ - ุชู ุชุญุฏูุซ ูุงุนุฏุฉ ุจูุงูุงุช ุงูุจูุช ...โ
[08-Mar-25 22:30:54 - INFO] - ูููุฒู ุงููููููุณ - ุฌุงุฑู ุจุฏุก ุชุดุบูู ุงูุจูุช . . .
[08-Mar-25 22:30:57 - INFO] - ูููุฒู ุงูููููุณ -  ุชู ุชุญููู ูุงุฆูุฉ ูุทูุฑูู ุงูุจูุช ...โ
[08-Mar-25 22:31:01 - INFO] - ูููุฒู ุงูููููุณ -  ุชู ุจุฏุก ุชุดุบูู ุงูุจูุช Fox  ...โ
[08-Mar-25 22:31:46 - INFO] - ูููุฒู ุงูููููุณ - ุฌูุงุฑู ุงูุงุชุตูุงู ุจูุงุนูุฏุฉ ุงูุจูุงููุงุช . . .
[08-Mar-25 22:31:46 - INFO] - ูููุฒู ุงูููููุณ - ุชู ุงูุงุชุตูุงู ุจูุงุนูุฏุฉ ุงูุจูุงููุงุช ...โ
[08-Mar-25 22:31:46 - INFO] - ูููุฒู ุงูููููุณ - ุชู ุชุญูุฏูุซ ุงูุณููุฑุณ ...โ
[08-Mar-25 22:31:46 - INFO] - ูููุฒู ุงูููููุณ - ุชู ุชุญุฏูุซ ูุงุนุฏุฉ ุจูุงูุงุช ุงูุจูุช ...โ
[08-Mar-25 22:31:46 - INFO] - ูููุฒู ุงููููููุณ - ุฌุงุฑู ุจุฏุก ุชุดุบูู ุงูุจูุช . . .
[08-Mar-25 22:31:47 - INFO] - ูููุฒู ุงูููููุณ -  ุชู ุชุญููู ูุงุฆูุฉ ูุทูุฑูู ุงูุจูุช ...โ
[08-Mar-25 22:31:52 - INFO] - ูููุฒู ุงูููููุณ -  ุชู ุจุฏุก ุชุดุบูู ุงูุจูุช Fox  ...โ
[08-Mar-25 22:36:52 - INFO] - ูููุฒู ุงูููููุณ - ุฌูุงุฑู ุงูุงุชุตูุงู ุจูุงุนูุฏุฉ ุงูุจูุงููุงุช . . .
[08-Mar-25 22:36:52 - INFO] - ูููุฒู ุงูููููุณ - ุชู ุงูุงุชุตูุงู ุจูุงุนูุฏุฉ ุงูุจูุงููุงุช ...โ
[08-Mar-25 22:36:52 - INFO] - ูููุฒู ุงูููููุณ - ุชู ุชุญูุฏูุซ ุงูุณููุฑุณ ...โ
[08-Mar-25 22:36:52 - INFO] - ูููุฒู ุงูููููุณ - ุชู ุชุญุฏูุซ ูุงุนุฏุฉ ุจูุงูุงุช ุงูุจูุช ...โ
[08-Mar-25 22:36:52 - INFO] - ูููุฒู ุงููููููุณ - ุฌุงุฑู ุจุฏุก ุชุดุบูู ุงูุจูุช . . .
[08-Mar-25 22:36:54 - INFO] - ูููุฒู ุงูููููุณ -  ุชู ุชุญููู ูุงุฆูุฉ ูุทูุฑูู ุงูุจูุช ...โ
[08-Mar-25 22:36:58 - INFO] - ูููุฒู ุงูููููุณ -  ุชู ุจุฏุก ุชุดุบูู ุงูุจูุช Fox  ...โ
[08-Mar-25 22:41:02 - INFO] - ูููุฒู ุงูููููุณ - ุฌูุงุฑู ุงูุงุชุตูุงู ุจูุงุนูุฏุฉ ุงูุจูุงููุงุช . . .
[08-Mar-25 22:41:02 - INFO] - ูููุฒู ุงูููููุณ - ุชู ุงูุงุชุตูุงู ุจูุงุนูุฏุฉ ุงูุจูุงููุงุช ...โ
[08-Mar-25 22:41:02 - INFO] - ูููุฒู ุงูููููุณ - ุชู ุชุญูุฏูุซ ุงูุณููุฑุณ ...โ
[08-Mar-25 22:41:02 - INFO] - ูููุฒู ุงูููููุณ - ุชู ุชุญุฏูุซ ูุงุนุฏุฉ ุจูุงูุงุช ุงูุจูุช ...โ
[08-Mar-25 22:41:02 - INFO] - ูููุฒู ุงููููููุณ - ุฌุงุฑู ุจุฏุก ุชุดุบูู ุงูุจูุช . . .
[08-Mar-25 22:41:03 - INFO] - ูููุฒู ุงูููููุณ -  ุชู ุชุญููู ูุงุฆูุฉ ูุทูุฑูู ุงูุจูุช ...โ
[08-Mar-25 22:41:07 - INFO] - ูููุฒู ุงูููููุณ -  ุชู ุจุฏุก ุชุดุบูู ุงูุจูุช Fox  ...โ
[08-Mar-25 22:42:42 - INFO] - ูููุฒู ุงูููููุณ - ุฌูุงุฑู ุงูุงุชุตูุงู ุจูุงุนูุฏุฉ ุงูุจูุงููุงุช . . .
[08-Mar-25 22:42:42 - INFO] - ูููุฒู ุงูููููุณ - ุชู ุงูุงุชุตูุงู ุจูุงุนูุฏุฉ ุงูุจูุงููุงุช ...โ
[08-Mar-25 22:42:42 - INFO] - ูููุฒู ุงูููููุณ - ุชู ุชุญูุฏูุซ ุงูุณููุฑุณ ...โ
[08-Mar-25 22:42:42 - INFO] - ูููุฒู ุงูููููุณ - ุชู ุชุญุฏูุซ ูุงุนุฏุฉ ุจูุงูุงุช ุงูุจูุช ...โ
[08-Mar-25 22:42:42 - INFO] - ูููุฒู ุงููููููุณ - ุฌุงุฑู ุจุฏุก ุชุดุบูู ุงูุจูุช . . .
[08-Mar-25 22:42:43 - INFO] - ูููุฒู ุงูููููุณ -  ุชู ุชุญููู ูุงุฆูุฉ ูุทูุฑูู ุงูุจูุช ...โ
[08-Mar-25 22:42:47 - INFO] - ูููุฒู ุงูููููุณ -  ุชู ุจุฏุก ุชุดุบูู ุงูุจูุช Fox  ...โ
[08-Mar-25 22:44:54 - INFO] - ูููุฒู ุงูููููุณ - ุฌูุงุฑู ุงูุงุชุตูุงู ุจูุงุนูุฏุฉ ุงูุจูุงููุงุช . . .
[08-Mar-25 22:44:54 - INFO] - ูููุฒู ุงูููููุณ - ุชู ุงูุงุชุตูุงู ุจูุงุนูุฏุฉ ุงูุจูุงููุงุช ...โ
[08-Mar-25 22:44:54 - INFO] - ูููุฒู ุงูููููุณ - ุชู ุชุญูุฏูุซ ุงูุณููุฑุณ ...โ
[08-Mar-25 22:44:54 - INFO] - ูููุฒู ุงูููููุณ - ุชู ุชุญุฏูุซ ูุงุนุฏุฉ ุจูุงูุงุช ุงูุจูุช ...โ
[08-Mar-25 22:44:54 - INFO] - ูููุฒู ุงููููููุณ - ุฌุงุฑู ุจุฏุก ุชุดุบูู ุงูุจูุช . . .
[08-Mar-25 22:44:57 - INFO] - ูููุฒู ุงูููููุณ -  ุชู ุชุญููู ูุงุฆูุฉ ูุทูุฑูู ุงูุจูุช ...โ
[08-Mar-25 22:45:00 - INFO] - ูููุฒู ุงูููููุณ -  ุชู ุจุฏุก ุชุดุบูู ุงูุจูุช Fox  ...โ
[09-Mar-25 14:38:38 - INFO] - ูููุฒู ุงูููููุณ - ุฌูุงุฑู ุงูุงุชุตูุงู ุจูุงุนูุฏุฉ ุงูุจูุงููุงุช . . .
[09-Mar-25 14:38:39 - INFO] - ูููุฒู ุงูููููุณ - ุชู ุงูุงุชุตูุงู ุจูุงุนูุฏุฉ ุงูุจูุงููุงุช ...โ
[09-Mar-25 14:38:39 - INFO] - ูููุฒู ุงูููููุณ - ุชู ุชุญูุฏูุซ ุงูุณููุฑุณ ...โ
[09-Mar-25 14:38:39 - INFO] - ูููุฒู ุงูููููุณ - ุชู ุชุญุฏูุซ ูุงุนุฏุฉ ุจูุงูุงุช ุงูุจูุช ...โ
[09-Mar-25 14:38:39 - INFO] - ูููุฒู ุงููููููุณ - ุฌุงุฑู ุจุฏุก ุชุดุบูู ุงูุจูุช . . .
[09-Mar-25 14:38:41 - INFO] - ูููุฒู ุงูููููุณ -  ุชู ุชุญููู ูุงุฆูุฉ ูุทูุฑูู ุงูุจูุช ...โ
[09-Mar-25 14:38:44 - INFO] - ูููุฒู ุงูููููุณ -  ุชู ุจุฏุก ุชุดุบูู ุงูุจูุช Fox  ...โ
[09-Mar-25 14:38:45 - INFO] - ูููุฒู ุงูููููุณ - ุชู ุชุญููู ุงูุงุถุงูุงุช ...โ
[09-Mar-25 14:38:45 - INFO] - ูููููุฒู ุงูููููุณ - ุฌูุงุฑ ุชูุดูุบูููู ุงููุญูุณูุงุจ ุงููููุณูุงุนูุฏ
[09-Mar-25 14:38:46 - INFO] - ูููููุฒู ุงูููููุณ - ุชู ุจุฏุก ุชุดุบูู ุงูุญุณุงุจ ุงููุณุงุนุฏ <a href=tg://user?id=7483904002>Dd</a> ...โ
[09-Mar-25 14:38:46 - INFO] - ูููููุฒู ุงูููููุณ - ุฌุงุฑู ุชุญููู ููุงุชุจ ุงููููุฒู . . .

[09-Mar-25 14:38:46 - INFO] - ูููุฒู ุงูููููุณ - TmLotus
[09-Mar-25 14:39:19 - ERROR] - asyncio - Task exception was never retrieved
future: <Task finished name='Task-1246' coro=<Client.handle_updates() done, defined at /usr/local/lib/python3.8/dist-packages/pyrogram/client.py:535> exception=ValueError('Peer id invalid: -1002468196969')>
Traceback (most recent call last):
  File "/usr/local/lib/python3.8/dist-packages/pyrogram/methods/advanced/resolve_peer.py", line 62, in resolve_peer
    return await self.storage.get_peer_by_id(peer_id)
  File "/usr/local/lib/python3.8/dist-packages/pyrogram/storage/sqlite_storage.py", line 142, in get_peer_by_id
    raise KeyError(f"ID not found: {peer_id}")
KeyError: 'ID not found: -1002468196969'

During handling of the above exception, another exception occurred:

Traceback (most recent call last):
  File "/usr/local/lib/python3.8/dist-packages/pyrogram/client.py", line 569, in handle_updates
    channel=await self.resolve_peer(utils.get_channel_id(channel_id)),
  File "/usr/local/lib/python3.8/dist-packages/pyrogram/methods/advanced/resolve_peer.py", line 89, in resolve_peer
    peer_type = utils.get_peer_type(peer_id)
  File "/usr/local/lib/python3.8/dist-packages/pyrogram/utils.py", line 246, in get_peer_type
    raise ValueError(f"Peer id invalid: {peer_id}")
ValueError: Peer id invalid: -1002468196969
[09-Mar-25 14:39:37 - ERROR] - asyncio - Task exception was never retrieved
future: <Task finished name='Task-1381' coro=<Client.handle_updates() done, defined at /usr/local/lib/python3.8/dist-packages/pyrogram/client.py:535> exception=ValueError('Peer id invalid: -1002468196969')>
Traceback (most recent call last):
  File "/usr/local/lib/python3.8/dist-packages/pyrogram/methods/advanced/resolve_peer.py", line 62, in resolve_peer
    return await self.storage.get_peer_by_id(peer_id)
  File "/usr/local/lib/python3.8/dist-packages/pyrogram/storage/sqlite_storage.py", line 142, in get_peer_by_id
    raise KeyError(f"ID not found: {peer_id}")
KeyError: 'ID not found: -1002468196969'

During handling of the above exception, another exception occurred:

Traceback (most recent call last):
  File "/usr/local/lib/python3.8/dist-packages/pyrogram/client.py", line 569, in handle_updates
    channel=await self.resolve_peer(utils.get_channel_id(channel_id)),
  File "/usr/local/lib/python3.8/dist-packages/pyrogram/methods/advanced/resolve_peer.py", line 89, in resolve_peer
    peer_type = utils.get_peer_type(peer_id)
  File "/usr/local/lib/python3.8/dist-packages/pyrogram/utils.py", line 246, in get_peer_type
    raise ValueError(f"Peer id invalid: {peer_id}")
ValueError: Peer id invalid: -1002468196969
[09-Mar-25 14:39:38 - ERROR] - asyncio - Task exception was never retrieved
future: <Task finished name='Task-1390' coro=<Client.handle_updates() done, defined at /usr/local/lib/python3.8/dist-packages/pyrogram/client.py:535> exception=ValueError('Peer id invalid: -1002468196969')>
Traceback (most recent call last):
  File "/usr/local/lib/python3.8/dist-packages/pyrogram/methods/advanced/resolve_peer.py", line 62, in resolve_peer
    return await self.storage.get_peer_by_id(peer_id)
  File "/usr/local/lib/python3.8/dist-packages/pyrogram/storage/sqlite_storage.py", line 142, in get_peer_by_id
    raise KeyError(f"ID not found: {peer_id}")
KeyError: 'ID not found: -1002468196969'

During handling of the above exception, another exception occurred:

Traceback (most recent call last):
  File "/usr/local/lib/python3.8/dist-packages/pyrogram/client.py", line 569, in handle_updates
    channel=await self.resolve_peer(utils.get_channel_id(channel_id)),
  File "/usr/local/lib/python3.8/dist-packages/pyrogram/methods/advanced/resolve_peer.py", line 89, in resolve_peer
    peer_type = utils.get_peer_type(peer_id)
  File "/usr/local/lib/python3.8/dist-packages/pyrogram/utils.py", line 246, in get_peer_type
    raise ValueError(f"Peer id invalid: {peer_id}")
ValueError: Peer id invalid: -1002468196969
[09-Mar-25 14:39:50 - ERROR] - asyncio - Task exception was never retrieved
future: <Task finished name='Task-1462' coro=<Client.handle_updates() done, defined at /usr/local/lib/python3.8/dist-packages/pyrogram/client.py:535> exception=ValueError('Peer id invalid: -1002468196969')>
Traceback (most recent call last):
  File "/usr/local/lib/python3.8/dist-packages/pyrogram/methods/advanced/resolve_peer.py", line 62, in resolve_peer
    return await self.storage.get_peer_by_id(peer_id)
  File "/usr/local/lib/python3.8/dist-packages/pyrogram/storage/sqlite_storage.py", line 142, in get_peer_by_id
    raise KeyError(f"ID not found: {peer_id}")
KeyError: 'ID not found: -1002468196969'

During handling of the above exception, another exception occurred:

Traceback (most recent call last):
  File "/usr/local/lib/python3.8/dist-packages/pyrogram/client.py", line 569, in handle_updates
    channel=await self.resolve_peer(utils.get_channel_id(channel_id)),
  File "/usr/local/lib/python3.8/dist-packages/pyrogram/methods/advanced/resolve_peer.py", line 89, in resolve_peer
    peer_type = utils.get_peer_type(peer_id)
  File "/usr/local/lib/python3.8/dist-packages/pyrogram/utils.py", line 246, in get_peer_type
    raise ValueError(f"Peer id invalid: {peer_id}")
ValueError: Peer id invalid: -1002468196969
[09-Mar-25 14:40:14 - ERROR] - asyncio - Task exception was never retrieved
future: <Task finished name='Task-1631' coro=<Client.handle_updates() done, defined at /usr/local/lib/python3.8/dist-packages/pyrogram/client.py:535> exception=ValueError('Peer id invalid: -1002468196969')>
Traceback (most recent call last):
  File "/usr/local/lib/python3.8/dist-packages/pyrogram/methods/advanced/resolve_peer.py", line 62, in resolve_peer
    return await self.storage.get_peer_by_id(peer_id)
  File "/usr/local/lib/python3.8/dist-packages/pyrogram/storage/sqlite_storage.py", line 142, in get_peer_by_id
    raise KeyError(f"ID not found: {peer_id}")
KeyError: 'ID not found: -1002468196969'

During handling of the above exception, another exception occurred:

Traceback (most recent call last):
  File "/usr/local/lib/python3.8/dist-packages/pyrogram/client.py", line 569, in handle_updates
    channel=await self.resolve_peer(utils.get_channel_id(channel_id)),
  File "/usr/local/lib/python3.8/dist-packages/pyrogram/methods/advanced/resolve_peer.py", line 89, in resolve_peer
    peer_type = utils.get_peer_type(peer_id)
  File "/usr/local/lib/python3.8/dist-packages/pyrogram/utils.py", line 246, in get_peer_type
    raise ValueError(f"Peer id invalid: {peer_id}")
ValueError: Peer id invalid: -1002468196969
[09-Mar-25 14:40:30 - ERROR] - asyncio - Task exception was never retrieved
future: <Task finished name='Task-1724' coro=<Client.handle_updates() done, defined at /usr/local/lib/python3.8/dist-packages/pyrogram/client.py:535> exception=ValueError('Peer id invalid: -1002468196969')>
Traceback (most recent call last):
  File "/usr/local/lib/python3.8/dist-packages/pyrogram/methods/advanced/resolve_peer.py", line 62, in resolve_peer
    return await self.storage.get_peer_by_id(peer_id)
  File "/usr/local/lib/python3.8/dist-packages/pyrogram/storage/sqlite_storage.py", line 142, in get_peer_by_id
    raise KeyError(f"ID not found: {peer_id}")
KeyError: 'ID not found: -1002468196969'

During handling of the above exception, another exception occurred:

Traceback (most recent call last):
  File "/usr/local/lib/python3.8/dist-packages/pyrogram/client.py", line 569, in handle_updates
    channel=await self.resolve_peer(utils.get_channel_id(channel_id)),
  File "/usr/local/lib/python3.8/dist-packages/pyrogram/methods/advanced/resolve_peer.py", line 89, in resolve_peer
    peer_type = utils.get_peer_type(peer_id)
  File "/usr/local/lib/python3.8/dist-packages/pyrogram/utils.py", line 246, in get_peer_type
    raise ValueError(f"Peer id invalid: {peer_id}")
ValueError: Peer id invalid: -1002468196969
[09-Mar-25 14:40:38 - ERROR] - asyncio - Task exception was never retrieved
future: <Task finished name='Task-1750' coro=<Client.handle_updates() done, defined at /usr/local/lib/python3.8/dist-packages/pyrogram/client.py:535> exception=ValueError('Peer id invalid: -1002468196969')>
Traceback (most recent call last):
  File "/usr/local/lib/python3.8/dist-packages/pyrogram/methods/advanced/resolve_peer.py", line 62, in resolve_peer
    return await self.storage.get_peer_by_id(peer_id)
  File "/usr/local/lib/python3.8/dist-packages/pyrogram/storage/sqlite_storage.py", line 142, in get_peer_by_id
    raise KeyError(f"ID not found: {peer_id}")
KeyError: 'ID not found: -1002468196969'

During handling of the above exception, another exception occurred:

Traceback (most recent call last):
  File "/usr/local/lib/python3.8/dist-packages/pyrogram/client.py", line 569, in handle_updates
    channel=await self.resolve_peer(utils.get_channel_id(channel_id)),
  File "/usr/local/lib/python3.8/dist-packages/pyrogram/methods/advanced/resolve_peer.py", line 89, in resolve_peer
    peer_type = utils.get_peer_type(peer_id)
  File "/usr/local/lib/python3.8/dist-packages/pyrogram/utils.py", line 246, in get_peer_type
    raise ValueError(f"Peer id invalid: {peer_id}")
ValueError: Peer id invalid: -1002468196969
[09-Mar-25 14:40:50 - ERROR] - asyncio - Task exception was never retrieved
future: <Task finished name='Task-1838' coro=<Client.handle_updates() done, defined at /usr/local/lib/python3.8/dist-packages/pyrogram/client.py:535> exception=ValueError('Peer id invalid: -1002468196969')>
Traceback (most recent call last):
  File "/usr/local/lib/python3.8/dist-packages/pyrogram/methods/advanced/resolve_peer.py", line 62, in resolve_peer
    return await self.storage.get_peer_by_id(peer_id)
  File "/usr/local/lib/python3.8/dist-packages/pyrogram/storage/sqlite_storage.py", line 142, in get_peer_by_id
    raise KeyError(f"ID not found: {peer_id}")
KeyError: 'ID not found: -1002468196969'

During handling of the above exception, another exception occurred:

Traceback (most recent call last):
  File "/usr/local/lib/python3.8/dist-packages/pyrogram/client.py", line 569, in handle_updates
    channel=await self.resolve_peer(utils.get_channel_id(channel_id)),
  File "/usr/local/lib/python3.8/dist-packages/pyrogram/methods/advanced/resolve_peer.py", line 89, in resolve_peer
    peer_type = utils.get_peer_type(peer_id)
  File "/usr/local/lib/python3.8/dist-packages/pyrogram/utils.py", line 246, in get_peer_type
    raise ValueError(f"Peer id invalid: {peer_id}")
ValueError: Peer id invalid: -1002468196969
[09-Mar-25 14:40:51 - ERROR] - asyncio - Task exception was never retrieved
future: <Task finished name='Task-1859' coro=<Client.handle_updates() done, defined at /usr/local/lib/python3.8/dist-packages/pyrogram/client.py:535> exception=ValueError('Peer id invalid: -1002468196969')>
Traceback (most recent call last):
  File "/usr/local/lib/python3.8/dist-packages/pyrogram/methods/advanced/resolve_peer.py", line 62, in resolve_peer
    return await self.storage.get_peer_by_id(peer_id)
  File "/usr/local/lib/python3.8/dist-packages/pyrogram/storage/sqlite_storage.py", line 142, in get_peer_by_id
    raise KeyError(f"ID not found: {peer_id}")
KeyError: 'ID not found: -1002468196969'

During handling of the above exception, another exception occurred:

Traceback (most recent call last):
  File "/usr/local/lib/python3.8/dist-packages/pyrogram/client.py", line 569, in handle_updates
    channel=await self.resolve_peer(utils.get_channel_id(channel_id)),
  File "/usr/local/lib/python3.8/dist-packages/pyrogram/methods/advanced/resolve_peer.py", line 89, in resolve_peer
    peer_type = utils.get_peer_type(peer_id)
  File "/usr/local/lib/python3.8/dist-packages/pyrogram/utils.py", line 246, in get_peer_type
    raise ValueError(f"Peer id invalid: {peer_id}")
ValueError: Peer id invalid: -1002468196969
[09-Mar-25 14:40:51 - ERROR] - asyncio - Task exception was never retrieved
future: <Task finished name='Task-1864' coro=<Client.handle_updates() done, defined at /usr/local/lib/python3.8/dist-packages/pyrogram/client.py:535> exception=ValueError('Peer id invalid: -1002468196969')>
Traceback (most recent call last):
  File "/usr/local/lib/python3.8/dist-packages/pyrogram/methods/advanced/resolve_peer.py", line 62, in resolve_peer
    return await self.storage.get_peer_by_id(peer_id)
  File "/usr/local/lib/python3.8/dist-packages/pyrogram/storage/sqlite_storage.py", line 142, in get_peer_by_id
    raise KeyError(f"ID not found: {peer_id}")
KeyError: 'ID not found: -1002468196969'

During handling of the above exception, another exception occurred:

Traceback (most recent call last):
  File "/usr/local/lib/python3.8/dist-packages/pyrogram/client.py", line 569, in handle_updates
    channel=await self.resolve_peer(utils.get_channel_id(channel_id)),
  File "/usr/local/lib/python3.8/dist-packages/pyrogram/methods/advanced/resolve_peer.py", line 89, in resolve_peer
    peer_type = utils.get_peer_type(peer_id)
  File "/usr/local/lib/python3.8/dist-packages/pyrogram/utils.py", line 246, in get_peer_type
    raise ValueError(f"Peer id invalid: {peer_id}")
ValueError: Peer id invalid: -1002468196969
[09-Mar-25 14:41:13 - INFO] - root - Stop signal received (SIGINT). Exiting...
[09-Mar-25 14:41:13 - INFO] - SrcMusicKERO.core.userbot - ุฌูุงุฑ ุงููููุงู ุงููุญูุณูุงุจ ุงููููุณูุงุนุฏ...โฆโก
[09-Mar-25 14:41:13 - INFO] - ูููุฒู ุงูููููุณ - ุฌุงุฑู ุงููุงู ุจูุช ุงููููุฒู . . .
[09-Mar-25 15:03:28 - INFO] - ูููุฒู ุงูููููุณ - ุฌูุงุฑู ุงูุงุชุตูุงู ุจูุงุนูุฏุฉ ุงูุจูุงููุงุช . . .
[09-Mar-25 15:03:29 - INFO] - ูููุฒู ุงูููููุณ - ุชู ุงูุงุชุตูุงู ุจูุงุนูุฏุฉ ุงูุจูุงููุงุช ...โ
[09-Mar-25 15:03:29 - INFO] - ูููุฒู ุงูููููุณ - ุชู ุชุญูุฏูุซ ุงูุณููุฑุณ ...โ
[09-Mar-25 15:03:29 - INFO] - ูููุฒู ุงูููููุณ - ุชู ุชุญุฏูุซ ูุงุนุฏุฉ ุจูุงูุงุช ุงูุจูุช ...โ
[09-Mar-25 15:03:29 - INFO] - ูููุฒู ุงููููููุณ - ุฌุงุฑู ุจุฏุก ุชุดุบูู ุงูุจูุช . . .
[09-Mar-25 15:03:30 - INFO] - ูููุฒู ุงูููููุณ -  ุชู ุชุญููู ูุงุฆูุฉ ูุทูุฑูู ุงูุจูุช ...โ
[09-Mar-25 15:03:34 - ERROR] - SrcMusicKERO.core.bot - Bot has failed to access the log group/channel.
  Reason : AttributeError.
[09-Mar-25 15:03:47 - INFO] - ูููุฒู ุงูููููุณ - ุฌูุงุฑู ุงูุงุชุตูุงู ุจูุงุนูุฏุฉ ุงูุจูุงููุงุช . . .
[09-Mar-25 15:03:47 - INFO] - ูููุฒู ุงูููููุณ - ุชู ุงูุงุชุตูุงู ุจูุงุนูุฏุฉ ุงูุจูุงููุงุช ...โ
[09-Mar-25 15:03:47 - INFO] - ูููุฒู ุงูููููุณ - ุชู ุชุญูุฏูุซ ุงูุณููุฑุณ ...โ
[09-Mar-25 15:03:47 - INFO] - ูููุฒู ุงูููููุณ - ุชู ุชุญุฏูุซ ูุงุนุฏุฉ ุจูุงูุงุช ุงูุจูุช ...โ
[09-Mar-25 15:03:47 - INFO] - ูููุฒู ุงููููููุณ - ุฌุงุฑู ุจุฏุก ุชุดุบูู ุงูุจูุช . . .
[09-Mar-25 15:03:49 - INFO] - ูููุฒู ุงูููููุณ -  ุชู ุชุญููู ูุงุฆูุฉ ูุทูุฑูู ุงูุจูุช ...โ
[09-Mar-25 15:03:52 - ERROR] - SrcMusicKERO.core.bot - Bot has failed to access the log group/channel.
  Reason : AttributeError.
[10-Mar-25 18:06:18 - INFO] - ูููุฒู ุงูููููุณ - ุฌูุงุฑู ุงูุงุชุตูุงู ุจูุงุนูุฏุฉ ุงูุจูุงููุงุช . . .
[10-Mar-25 18:06:18 - INFO] - ูููุฒู ุงูููููุณ - ุชู ุงูุงุชุตูุงู ุจูุงุนูุฏุฉ ุงูุจูุงููุงุช ...โ
[10-Mar-25 18:06:18 - INFO] - ูููุฒู ุงูููููุณ - ุชู ุชุญูุฏูุซ ุงูุณููุฑุณ ...โ
[10-Mar-25 18:06:18 - INFO] - ูููุฒู ุงูููููุณ - ุชู ุชุญุฏูุซ ูุงุนุฏุฉ ุจูุงูุงุช ุงูุจูุช ...โ
[10-Mar-25 18:06:18 - INFO] - ูููุฒู ุงููููููุณ - ุฌุงุฑู ุจุฏุก ุชุดุบูู ุงูุจูุช . . .
[10-Mar-25 18:06:21 - INFO] - ูููุฒู ุงูููููุณ -  ุชู ุชุญููู ูุงุฆูุฉ ูุทูุฑูู ุงูุจูุช ...โ
[10-Mar-25 18:06:24 - ERROR] - SrcMusicKERO.core.bot - Bot has failed to access the log group/channel.
  Reason : AttributeError.
[10-Mar-25 18:07:25 - INFO] - ูููุฒู ูููุณ - ุฌูุงุฑู ุงูุงุชุตูุงู ุจูุงุนูุฏุฉ ุงูุจูุงููุงุช . . .
[10-Mar-25 18:07:25 - INFO] - ูููุฒู ูููุณ - ุชู ุงูุงุชุตูุงู ุจูุงุนูุฏุฉ ุงูุจูุงููุงุช ...โ
[10-Mar-25 18:07:25 - INFO] - ูููุฒู ูููุณ - ุชู ุชุญูุฏูุซ ุงูุณููุฑุณ ...โ
[10-Mar-25 18:07:25 - INFO] - ูููุฒู ูููุณ - ุชู ุชุญุฏูุซ ูุงุนุฏุฉ ุจูุงูุงุช ุงูุจูุช ...โ
[10-Mar-25 18:07:25 - INFO] - ูููุฒู ูููุณ - ุฌุงุฑู ุจุฏุก ุชุดุบูู ุงูุจูุช . . .
[10-Mar-25 18:07:56 - INFO] - ูููุฒู ูููุณ - ุฌูุงุฑู ุงูุงุชุตูุงู ุจูุงุนูุฏุฉ ุงูุจูุงููุงุช . . .
[10-Mar-25 18:07:56 - INFO] - ูููุฒู ูููุณ - ุชู ุงูุงุชุตูุงู ุจูุงุนูุฏุฉ ุงูุจูุงููุงุช ...โ
[10-Mar-25 18:07:56 - INFO] - ูููุฒู ูููุณ - ุชู ุชุญูุฏูุซ ุงูุณููุฑุณ ...โ
[10-Mar-25 18:07:56 - INFO] - ูููุฒู ูููุณ - ุชู ุชุญุฏูุซ ูุงุนุฏุฉ ุจูุงูุงุช ุงูุจูุช ...โ
[10-Mar-25 18:07:56 - INFO] - ูููุฒู ูููุณ - ุฌุงุฑู ุจุฏุก ุชุดุบูู ุงูุจูุช . . .
[10-Mar-25 18:12:03 - INFO] - ูููุฒู ูููุณ - ุฌูุงุฑู ุงูุงุชุตูุงู ุจูุงุนูุฏุฉ ุงูุจูุงููุงุช . . .
[10-Mar-25 18:12:03 - INFO] - ูููุฒู ูููุณ - ุชู ุงูุงุชุตูุงู ุจูุงุนูุฏุฉ ุงูุจูุงููุงุช ...โ
[10-Mar-25 18:12:03 - INFO] - ูููุฒู ูููุณ - ุชู ุชุญูุฏูุซ ุงูุณููุฑุณ ...โ
[10-Mar-25 18:12:03 - INFO] - ูููุฒู ูููุณ - ุชู ุชุญุฏูุซ ูุงุนุฏุฉ ุจูุงูุงุช ุงูุจูุช ...โ
[10-Mar-25 18:12:03 - INFO] - ูููุฒู ูููุณ - ุฌุงุฑู ุจุฏุก ุชุดุบูู ุงูุจูุช . . .
[10-Mar-25 18:24:17 - INFO] - ูููุฒู ูููุณ - ุฌูุงุฑู ุงูุงุชุตูุงู ุจูุงุนูุฏุฉ ุงูุจูุงููุงุช . . .
[10-Mar-25 18:24:17 - INFO] - ูููุฒู ูููุณ - ุชู ุงูุงุชุตูุงู ุจูุงุนูุฏุฉ ุงูุจูุงููุงุช ...โ
[10-Mar-25 18:24:17 - INFO] - ูููุฒู ูููุณ - ุชู ุชุญูุฏูุซ ุงูุณููุฑุณ ...โ
[10-Mar-25 18:24:17 - INFO] - ูููุฒู ูููุณ - ุชู ุชุญุฏูุซ ูุงุนุฏุฉ ุจูุงูุงุช ุงูุจูุช ...โ
[10-Mar-25 18:24:17 - INFO] - ูููุฒู ูููุณ - ุฌุงุฑู ุจุฏุก ุชุดุบูู ุงูุจูุช . . .
[10-Mar-25 18:26:46 - INFO] - ูููุฒู ูููุณ - ุฌูุงุฑู ุงูุงุชุตูุงู ุจูุงุนูุฏุฉ ุงูุจูุงููุงุช . . .
[10-Mar-25 18:26:46 - INFO] - ูููุฒู ูููุณ - ุชู ุงูุงุชุตูุงู ุจูุงุนูุฏุฉ ุงูุจูุงููุงุช ...โ
[10-Mar-25 18:26:46 - INFO] - ูููุฒู ูููุณ - ุชู ุชุญูุฏูุซ ุงูุณููุฑุณ ...โ
[10-Mar-25 18:26:46 - INFO] - ูููุฒู ูููุณ - ุชู ุชุญุฏูุซ ูุงุนุฏุฉ ุจูุงูุงุช ุงูุจูุช ...โ
[10-Mar-25 18:26:46 - INFO] - ูููุฒู ูููุณ - ุฌุงุฑู ุจุฏุก ุชุดุบูู ุงูุจูุช . . .
[10-Mar-25 18:29:20 - INFO] - ูููุฒู ูููุณ - ุฌูุงุฑู ุงูุงุชุตูุงู ุจูุงุนูุฏุฉ ุงูุจูุงููุงุช . . .
[10-Mar-25 18:29:20 - INFO] - ูููุฒู ูููุณ - ุชู ุงูุงุชุตูุงู ุจูุงุนูุฏุฉ ุงูุจูุงููุงุช ...โ
[10-Mar-25 18:29:20 - INFO] - ูููุฒู ูููุณ - ุชู ุชุญูุฏูุซ ุงูุณููุฑุณ ...โ
[10-Mar-25 18:29:20 - INFO] - ูููุฒู ูููุณ - ุชู ุชุญุฏูุซ ูุงุนุฏุฉ ุจูุงูุงุช ุงูุจูุช ...โ
[10-Mar-25 18:29:20 - INFO] - ูููุฒู ูููุณ - ุฌุงุฑู ุจุฏุก ุชุดุบูู ุงูุจูุช . . .
[10-Mar-25 18:29:22 - INFO] - ูููุฒู ูููุณ - ุชู ุชุญููู ูุงุฆูุฉ ูุทูุฑูู ุงูุจูุช ...โ
[10-Mar-25 18:29:26 - ERROR] - SrcMusicKERO.core.bot - Bot has failed to access the log group/channel.
  Reason : AttributeError.
[10-Mar-25 18:32:29 - INFO] - ูููุฒู ูููุณ - ุฌูุงุฑู ุงูุงุชุตูุงู ุจูุงุนูุฏุฉ ุงูุจูุงููุงุช . . .
[10-Mar-25 18:32:29 - INFO] - ูููุฒู ูููุณ - ุชู ุงูุงุชุตูุงู ุจูุงุนูุฏุฉ ุงูุจูุงููุงุช ...โ
[10-Mar-25 18:32:29 - INFO] - ูููุฒู ูููุณ - ุชู ุชุญูุฏูุซ ุงูุณููุฑุณ ...โ
[10-Mar-25 18:32:29 - INFO] - ูููุฒู ูููุณ - ุชู ุชุญุฏูุซ ูุงุนุฏุฉ ุจูุงูุงุช ุงูุจูุช ...โ
[10-Mar-25 18:32:29 - INFO] - ูููุฒู ูููุณ - ุฌุงุฑู ุจุฏุก ุชุดุบูู ุงูุจูุช . . .
[10-Mar-25 18:32:30 - INFO] - ูููุฒู ูููุณ - ุชู ุชุญููู ูุงุฆูุฉ ูุทูุฑูู ุงูุจูุช ...โ
[10-Mar-25 18:32:34 - ERROR] - SrcMusicKERO.core.bot - Bot has failed to access the log group/channel.
  Reason : AttributeError.
[10-Mar-25 19:15:02 - INFO] - ูููุฒู ูููุณ - ุฌูุงุฑู ุงูุงุชุตูุงู ุจูุงุนูุฏุฉ ุงูุจูุงููุงุช . . .
[10-Mar-25 19:15:02 - INFO] - ูููุฒู ูููุณ - ุชู ุงูุงุชุตูุงู ุจูุงุนูุฏุฉ ุงูุจูุงููุงุช ...โ
[10-Mar-25 19:15:02 - INFO] - ูููุฒู ูููุณ - ุชู ุชุญูุฏูุซ ุงูุณููุฑุณ ...โ
[10-Mar-25 19:15:02 - INFO] - ูููุฒู ูููุณ - ุชู ุชุญุฏูุซ ูุงุนุฏุฉ ุจูุงูุงุช ุงูุจูุช ...โ
[10-Mar-25 19:23:56 - INFO] - ูููุฒู ูููุณ - ุฌูุงุฑู ุงูุงุชุตูุงู ุจูุงุนูุฏุฉ ุงูุจูุงููุงุช . . .
[10-Mar-25 19:23:56 - INFO] - ูููุฒู ูููุณ - ุชู ุงูุงุชุตูุงู ุจูุงุนูุฏุฉ ุงูุจูุงููุงุช ...โ
[10-Mar-25 19:23:56 - INFO] - ูููุฒู ูููุณ - ุชู ุชุญูุฏูุซ ุงูุณููุฑุณ ...โ
[10-Mar-25 19:23:56 - INFO] - ูููุฒู ูููุณ - ุชู ุชุญุฏูุซ ูุงุนุฏุฉ ุจูุงูุงุช ุงูุจูุช ...โ
[10-Mar-25 19:23:56 - INFO] - ูููุฒู ุงููููููุณ - ุฌุงุฑู ุจุฏุก ุชุดุบูู ุงูุจูุช . . .
[10-Mar-25 19:23:57 - INFO] - ูููุฒู ูููุณ - ุชู ุชุญููู ูุงุฆูุฉ ูุทูุฑูู ุงูุจูุช ...โ
[10-Mar-25 19:24:02 - ERROR] - SrcMusicKERO.core.bot - Bot has failed to access the log group/channel.
  Reason : AttributeError.
[10-Mar-25 19:29:34 - INFO] - ูููุฒู ูููุณ - ุฌูุงุฑู ุงูุงุชุตูุงู ุจูุงุนูุฏุฉ ุงูุจูุงููุงุช . . .
[10-Mar-25 19:29:34 - INFO] - ูููุฒู ูููุณ - ุชู ุงูุงุชุตูุงู ุจูุงุนูุฏุฉ ุงูุจูุงููุงุช ...โ
[10-Mar-25 19:29:34 - INFO] - ูููุฒู ูููุณ - ุชู ุชุญูุฏูุซ ุงูุณููุฑุณ ...โ
[10-Mar-25 19:29:34 - INFO] - ูููุฒู ูููุณ - ุชู ุชุญุฏูุซ ูุงุนุฏุฉ ุจูุงูุงุช ุงูุจูุช ...โ
[10-Mar-25 19:29:34 - INFO] - ูููุฒู ูููุณ - ุฌุงุฑู ุจุฏุก ุชุดุบูู ุงูุจูุช . . .
[10-Mar-25 19:29:35 - INFO] - ูููุฒู ูููุณ - ุชู ุชุญููู ูุงุฆูุฉ ูุทูุฑูู ุงูุจูุช ...โ
[10-Mar-25 19:29:39 - ERROR] - SrcMusicKERO.core.bot - โ ูุดู ุงููุตูู ุฅูู ูุฌููุนุฉ ุงูุณุฌูุงุช.
๐น ุงูุฎุทุฃ: AttributeError - 'str' object has no attribute 'chat_id'
[10-Mar-25 19:35:19 - INFO] - ูููุฒู ูููุณ - ุฌูุงุฑู ุงูุงุชุตูุงู ุจูุงุนูุฏุฉ ุงูุจูุงููุงุช . . .
[10-Mar-25 19:35:19 - INFO] - ูููุฒู ูููุณ - ุชู ุงูุงุชุตูุงู ุจูุงุนูุฏุฉ ุงูุจูุงููุงุช ...โ
[10-Mar-25 19:35:19 - INFO] - ูููุฒู ูููุณ - ุชู ุชุญูุฏูุซ ุงูุณููุฑุณ ...โ
[10-Mar-25 19:35:19 - INFO] - ูููุฒู ูููุณ - ุชู ุชุญุฏูุซ ูุงุนุฏุฉ ุจูุงูุงุช ุงูุจูุช ...โ
[10-Mar-25 19:35:19 - INFO] - ูููุฒู ูููุณ - ุฌุงุฑู ุจุฏุก ุชุดุบูู ุงูุจูุช . . .
[10-Mar-25 19:35:21 - INFO] - ูููุฒู ูููุณ - ุชู ุชุญููู ูุงุฆูุฉ ูุทูุฑูู ุงูุจูุช ...โ
[10-Mar-25 19:35:24 - ERROR] - SrcMusicKERO.core.bot - โ ูุดู ุงููุตูู ุฅูู ูุฌููุนุฉ ุงูุณุฌูุงุช.
๐น ุงูุฎุทุฃ: AttributeError - 'str' object has no attribute 'chat_id'
[10-Mar-25 19:35:41 - INFO] - ูููุฒู ูููุณ - ุฌูุงุฑู ุงูุงุชุตูุงู ุจูุงุนูุฏุฉ ุงูุจูุงููุงุช . . .
[10-Mar-25 19:35:41 - INFO] - ูููุฒู ูููุณ - ุชู ุงูุงุชุตูุงู ุจูุงุนูุฏุฉ ุงูุจูุงููุงุช ...โ
[10-Mar-25 19:35:41 - INFO] - ูููุฒู ูููุณ - ุชู ุชุญูุฏูุซ ุงูุณููุฑุณ ...โ
[10-Mar-25 19:35:41 - INFO] - ูููุฒู ูููุณ - ุชู ุชุญุฏูุซ ูุงุนุฏุฉ ุจูุงูุงุช ุงูุจูุช ...โ
[10-Mar-25 19:35:41 - INFO] - ูููุฒู ูููุณ - ุฌุงุฑู ุจุฏุก ุชุดุบูู ุงูุจูุช . . .
[10-Mar-25 19:35:43 - INFO] - ูููุฒู ูููุณ - ุชู ุชุญููู ูุงุฆูุฉ ูุทูุฑูู ุงูุจูุช ...โ
[10-Mar-25 19:35:46 - ERROR] - SrcMusicKERO.core.bot - โ ูุดู ุงููุตูู ุฅูู ูุฌููุนุฉ ุงูุณุฌูุงุช.
๐น ุงูุฎุทุฃ: AttributeError - 'str' object has no attribute 'chat_id'
[10-Mar-25 19:37:17 - INFO] - ูููุฒู ูููุณ - ุฌูุงุฑู ุงูุงุชุตูุงู ุจูุงุนูุฏุฉ ุงูุจูุงููุงุช . . .
[10-Mar-25 19:37:17 - INFO] - ูููุฒู ูููุณ - ุชู ุงูุงุชุตูุงู ุจูุงุนูุฏุฉ ุงูุจูุงููุงุช ...โ
[10-Mar-25 19:37:17 - INFO] - ูููุฒู ูููุณ - ุชู ุชุญูุฏูุซ ุงูุณููุฑุณ ...โ
[10-Mar-25 19:37:17 - INFO] - ูููุฒู ูููุณ - ุชู ุชุญุฏูุซ ูุงุนุฏุฉ ุจูุงูุงุช ุงูุจูุช ...โ
[10-Mar-25 19:37:17 - INFO] - ูููุฒู ูููุณ - ุฌุงุฑู ุจุฏุก ุชุดุบูู ุงูุจูุช . . .
[10-Mar-25 19:37:19 - INFO] - ูููุฒู ูููุณ - ุชู ุชุญููู ูุงุฆูุฉ ูุทูุฑูู ุงูุจูุช ...โ
[10-Mar-25 19:37:22 - ERROR] - SrcMusicKERO.core.bot - โ ูุดู ุงููุตูู ุฅูู ูุฌููุนุฉ ุงูุณุฌูุงุช.
๐น ุงูุฎุทุฃ: AttributeError - 'str' object has no attribute 'chat_id'
[10-Mar-25 19:44:50 - INFO] - ูููุฒู ูููุณ - ุฌูุงุฑู ุงูุงุชุตูุงู ุจูุงุนูุฏุฉ ุงูุจูุงููุงุช . . .
[10-Mar-25 19:44:50 - INFO] - ูููุฒู ูููุณ - ุชู ุงูุงุชุตูุงู ุจูุงุนูุฏุฉ ุงูุจูุงููุงุช ...โ
[10-Mar-25 19:44:50 - INFO] - ูููุฒู ูููุณ - ุชู ุชุญูุฏูุซ ุงูุณููุฑุณ ...โ
[10-Mar-25 19:44:50 - INFO] - ูููุฒู ูููุณ - ุชู ุชุญุฏูุซ ูุงุนุฏุฉ ุจูุงูุงุช ุงูุจูุช ...โ
[10-Mar-25 19:44:50 - INFO] - ูููุฒู ูููุณ - ุฌุงุฑู ุจุฏุก ุชุดุบูู ุงูุจูุช . . .
[10-Mar-25 19:44:52 - INFO] - ูููุฒู ูููุณ - ุชู ุชุญููู ูุงุฆูุฉ ูุทูุฑูู ุงูุจูุช ...โ
[10-Mar-25 19:44:55 - ERROR] - SrcMusicKERO.core.bot - โ ูุดู ุงููุตูู ุฅูู ูุฌููุนุฉ ุงูุณุฌูุงุช.
๐น ุงูุฎุทุฃ: AttributeError - 'str' object has no attribute 'chat_id'
[10-Mar-25 19:55:10 - INFO] - ูููุฒู ูููุณ - ุฌูุงุฑู ุงูุงุชุตูุงู ุจูุงุนูุฏุฉ ุงูุจูุงููุงุช . . .
[10-Mar-25 19:55:10 - INFO] - ูููุฒู ูููุณ - ุชู ุงูุงุชุตูุงู ุจูุงุนูุฏุฉ ุงูุจูุงููุงุช ...โ
[10-Mar-25 19:55:10 - INFO] - ูููุฒู ูููุณ - ุชู ุชุญูุฏูุซ ุงูุณููุฑุณ ...โ
[10-Mar-25 19:55:10 - INFO] - ูููุฒู ูููุณ - ุชู ุชุญุฏูุซ ูุงุนุฏุฉ ุจูุงูุงุช ุงูุจูุช ...โ
[10-Mar-25 19:55:10 - INFO] - ูููุฒู ูููุณ - ุฌุงุฑู ุจุฏุก ุชุดุบูู ุงูุจูุช . . .
[10-Mar-25 19:55:12 - INFO] - ูููุฒู ูููุณ - ุชู ุชุญููู ูุงุฆูุฉ ูุทูุฑูู ุงูุจูุช ...โ
[10-Mar-25 19:55:16 - ERROR] - SrcMusicKERO.core.bot - โ ูุดู ุงููุตูู ุฅูู ูุฌููุนุฉ ุงูุณุฌูุงุช.
๐น ุงูุฎุทุฃ: AttributeError - 'str' object has no attribute 'chat_id'
[10-Mar-25 21:12:50 - INFO] - ูููุฒู ูููุณ - ุฌูุงุฑู ุงูุงุชุตูุงู ุจูุงุนูุฏุฉ ุงูุจูุงููุงุช . . .
[10-Mar-25 21:12:50 - INFO] - ูููุฒู ูููุณ - ุชู ุงูุงุชุตูุงู ุจูุงุนูุฏุฉ ุงูุจูุงููุงุช ...โ
[10-Mar-25 21:12:50 - INFO] - ูููุฒู ุงูููููุณ - ุชู ุชุญูุฏูุซ ุงูุณููุฑุณ ...โ
[10-Mar-25 21:12:50 - INFO] - ูููุฒู ูููุณ - ุชู ุชุญุฏูุซ ูุงุนุฏุฉ ุจูุงูุงุช ุงูุจูุช ...โ
[10-Mar-25 21:12:50 - INFO] - ูููุฒู ุงููููููุณ - ุฌุงุฑู ุจุฏุก ุชุดุบูู ุงูุจูุช . . .
[10-Mar-25 21:12:52 - INFO] - ูููุฒู ูููุณ - ุชู ุชุญููู ูุงุฆูุฉ ูุทูุฑูู ุงูุจูุช ...โ
[10-Mar-25 21:12:56 - ERROR] - SrcMusicKERO.core.bot - Bot has failed to access the log group/channel.
  Reason : AttributeError.
[10-Mar-25 21:25:58 - INFO] - ูููุฒู ูููุณ - ุฌูุงุฑู ุงูุงุชุตูุงู ุจูุงุนูุฏุฉ ุงูุจูุงููุงุช . . .
[10-Mar-25 21:25:59 - INFO] - ูููุฒู ูููุณ - ุชู ุงูุงุชุตูุงู ุจูุงุนูุฏุฉ ุงูุจูุงููุงุช ...โ
[10-Mar-25 21:25:59 - INFO] - ูููุฒู ุงูููููุณ - ุชู ุชุญูุฏูุซ ุงูุณููุฑุณ ...โ
[10-Mar-25 21:25:59 - INFO] - ูููุฒู ูููุณ - ุชู ุชุญุฏูุซ ูุงุนุฏุฉ ุจูุงูุงุช ุงูุจูุช ...โ
[10-Mar-25 21:25:59 - INFO] - ูููุฒู ุงููููููุณ - ุฌุงุฑู ุจุฏุก ุชุดุบูู ุงูุจูุช . . .
[10-Mar-25 21:26:00 - INFO] - ูููุฒู ูููุณ - ุชู ุชุญููู ูุงุฆูุฉ ูุทูุฑูู ุงูุจูุช ...โ
[10-Mar-25 21:26:04 - ERROR] - SrcMusicKERO.core.bot - Bot has failed to access the log group/channel.
  Reason : AttributeError.
